<?xml version="1.0" encoding="UTF-8"?>
<!-- Generated by org.testng.reporters.JUnitXMLReporter -->
<testsuite ignored="0" hostname="Sandy-PC" failures="0" tests="2" name="Default test" time="158.658" errors="0" timestamp="2024-10-10T21:52:36 IST">
  <testcase classname="com.shopperstack.testscript.MenTopWearAddToCartVerify" name="addToCart" time="33.896">
    <skipped/>
  </testcase> <!-- addToCart -->
  <testcase classname="com.shopperstack.testscript.MenTopWearAddToCartVerify" name="addToCart" time="4.748"/>
</testsuite> <!-- Default test -->
