<?xml version="1.0" encoding="UTF-8"?>
<!-- Generated by org.testng.reporters.JUnitXMLReporter -->
<testsuite ignored="4" hostname="Sandy-PC" failures="0" tests="5" name="Test" time="271.542" errors="0" timestamp="2024-10-10T12:43:16 IST">
  <testcase classname="com.shopperstack.testscript.HomeNavigationMenModule" name="productList" time="9.428"/>
  <testcase classname="com.shopperstack.testscript.MenTopWearPriceFromatting" name="priceFromating" time="34.395">
    <skipped/>
  </testcase> <!-- priceFromating -->
  <testcase classname="com.shopperstack.testscript.MenTopWearPriceFromatting" name="priceFromating" time="5.077"/>
  <testcase classname="com.shopperstack.testscript.MenTopWearDiscountCalculation" name="discountcalculation" time="33.165">
    <skipped/>
  </testcase> <!-- discountcalculation -->
  <testcase classname="com.shopperstack.testscript.MenTopWearDiscountCalculation" name="discountcalculation" time="4.658"/>
  <testcase classname="com.shopperstack.generic.BaseClass" name="@AfterSuite afConfig" time="0.0">
    <ignored/>
  </testcase> <!-- @AfterSuite afConfig -->
  <testcase classname="com.shopperstack.generic.BaseClass" name="@BeforeSuite bfConfig" time="0.0">
    <ignored/>
  </testcase> <!-- @BeforeSuite bfConfig -->
  <testcase classname="com.shopperstack.generic.BaseClass" name="@AfterSuite afConfig" time="0.0">
    <ignored/>
  </testcase> <!-- @AfterSuite afConfig -->
  <testcase classname="com.shopperstack.generic.BaseClass" name="@BeforeSuite bfConfig" time="0.0">
    <ignored/>
  </testcase> <!-- @BeforeSuite bfConfig -->
</testsuite> <!-- Test -->
