<?xml version="1.0" encoding="UTF-8"?>
<testng-results retried="1" ignored="1" total="3" passed="1" failed="0" skipped="0">
  <reporter-output>
    <line>
      <![CDATA[DataBase connectivity successfully]]>
    </line>
    <line>
      <![CDATA[Browser Open Successfully]]>
    </line>
    <line>
      <![CDATA[Login sucessfully]]>
    </line>
    <line>
      <![CDATA[Logout Sucessfully]]>
    </line>
    <line>
      <![CDATA[Login sucessfully]]>
    </line>
    <line>
      <![CDATA[Logout Sucessfully]]>
    </line>
    <line>
      <![CDATA[Browser Close Sucessfully]]>
    </line>
    <line>
      <![CDATA[DataBase disconnect successfully]]>
    </line>
  </reporter-output>
  <suite started-at="2024-10-10T21:49:57 IST" name="Default suite" finished-at="2024-10-10T21:52:36 IST" duration-ms="158658">
    <groups>
    </groups>
    <test started-at="2024-10-10T21:49:57 IST" name="Default test" finished-at="2024-10-10T21:52:36 IST" duration-ms="158658">
      <class name="com.shopperstack.testscript.MenTopWearAddToCartVerify">
        <test-method is-config="true" signature="bfConfig()[pri:0, instance:com.shopperstack.testscript.MenTopWearAddToCartVerify@63376bed]" started-at="2024-10-10T21:49:57 IST" name="bfConfig" finished-at="2024-10-10T21:49:57 IST" duration-ms="21" status="PASS">
          <reporter-output>
            <line>
              <![CDATA[DataBase connectivity successfully]]>
            </line>
          </reporter-output>
        </test-method> <!-- bfConfig -->
        <test-method is-config="true" signature="launchBrowser()[pri:0, instance:com.shopperstack.testscript.MenTopWearAddToCartVerify@63376bed]" started-at="2024-10-10T21:49:58 IST" name="launchBrowser" finished-at="2024-10-10T21:50:02 IST" duration-ms="3455" status="PASS">
          <reporter-output>
            <line>
              <![CDATA[Browser Open Successfully]]>
            </line>
          </reporter-output>
        </test-method> <!-- launchBrowser -->
        <test-method is-config="true" signature="login()[pri:0, instance:com.shopperstack.testscript.MenTopWearAddToCartVerify@63376bed]" started-at="2024-10-10T21:50:02 IST" name="login" finished-at="2024-10-10T21:51:25 IST" duration-ms="82934" status="PASS">
          <reporter-output>
            <line>
              <![CDATA[Login sucessfully]]>
            </line>
          </reporter-output>
        </test-method> <!-- login -->
        <test-method retried="true" signature="addToCart()[pri:0, instance:com.shopperstack.testscript.MenTopWearAddToCartVerify@63376bed]" started-at="2024-10-10T21:51:25 IST" name="addToCart" finished-at="2024-10-10T21:51:58 IST" duration-ms="33896" status="SKIP">
          <exception class="org.openqa.selenium.NoSuchElementException">
            <message>
              <![CDATA[no such element: Unable to locate element: {"method":"xpath","selector":"/html/body/div[1]/div[4]/div/div/div[1]/div[3]/div[2]/button"}
  (Session info: chrome=129.0.6668.101)
For documentation on this error, please visit: https://www.selenium.dev/documentation/webdriver/troubleshooting/errors#no-such-element-exception
Build info: version: '4.25.0', revision: '8a8aea2337'
System info: os.name: 'Windows 10', os.arch: 'amd64', os.version: '10.0', java.version: '17.0.8'
Driver info: org.openqa.selenium.chrome.ChromeDriver
Command: [3e4883aeee9c08b759a8e93d8405b70f, findElement {using=xpath, value=/html/body/div[1]/div[4]/div/div/div[1]/div[3]/div[2]/button}]
Capabilities {acceptInsecureCerts: false, browserName: chrome, browserVersion: 129.0.6668.101, chrome: {chromedriverVersion: 129.0.6668.100 (cf58cba358d..., userDataDir: C:\Users\acer\AppData\Local...}, fedcm:accounts: true, goog:chromeOptions: {debuggerAddress: localhost:63504}, networkConnectionEnabled: false, pageLoadStrategy: normal, platformName: windows, proxy: Proxy(), se:cdp: ws://localhost:63504/devtoo..., se:cdpVersion: 129.0.6668.101, setWindowRect: true, strictFileInteractability: false, timeouts: {implicit: 0, pageLoad: 300000, script: 30000}, unhandledPromptBehavior: dismiss and notify, webauthn:extension:credBlob: true, webauthn:extension:largeBlob: true, webauthn:extension:minPinLength: true, webauthn:extension:prf: true, webauthn:virtualAuthenticators: true}
Session ID: 3e4883aeee9c08b759a8e93d8405b70f]]>
            </message>
            <full-stacktrace>
              <![CDATA[org.openqa.selenium.NoSuchElementException: no such element: Unable to locate element: {"method":"xpath","selector":"/html/body/div[1]/div[4]/div/div/div[1]/div[3]/div[2]/button"}
  (Session info: chrome=129.0.6668.101)
For documentation on this error, please visit: https://www.selenium.dev/documentation/webdriver/troubleshooting/errors#no-such-element-exception
Build info: version: '4.25.0', revision: '8a8aea2337'
System info: os.name: 'Windows 10', os.arch: 'amd64', os.version: '10.0', java.version: '17.0.8'
Driver info: org.openqa.selenium.chrome.ChromeDriver
Command: [3e4883aeee9c08b759a8e93d8405b70f, findElement {using=xpath, value=/html/body/div[1]/div[4]/div/div/div[1]/div[3]/div[2]/button}]
Capabilities {acceptInsecureCerts: false, browserName: chrome, browserVersion: 129.0.6668.101, chrome: {chromedriverVersion: 129.0.6668.100 (cf58cba358d..., userDataDir: C:\Users\acer\AppData\Local...}, fedcm:accounts: true, goog:chromeOptions: {debuggerAddress: localhost:63504}, networkConnectionEnabled: false, pageLoadStrategy: normal, platformName: windows, proxy: Proxy(), se:cdp: ws://localhost:63504/devtoo..., se:cdpVersion: 129.0.6668.101, setWindowRect: true, strictFileInteractability: false, timeouts: {implicit: 0, pageLoad: 300000, script: 30000}, unhandledPromptBehavior: dismiss and notify, webauthn:extension:credBlob: true, webauthn:extension:largeBlob: true, webauthn:extension:minPinLength: true, webauthn:extension:prf: true, webauthn:virtualAuthenticators: true}
Session ID: 3e4883aeee9c08b759a8e93d8405b70f
at java.base/jdk.internal.reflect.NativeConstructorAccessorImpl.newInstance0(Native Method)
at java.base/jdk.internal.reflect.NativeConstructorAccessorImpl.newInstance(NativeConstructorAccessorImpl.java:77)
at java.base/jdk.internal.reflect.DelegatingConstructorAccessorImpl.newInstance(DelegatingConstructorAccessorImpl.java:45)
at java.base/java.lang.reflect.Constructor.newInstanceWithCaller(Constructor.java:499)
at java.base/java.lang.reflect.Constructor.newInstance(Constructor.java:480)
at org.openqa.selenium.remote.ErrorCodec.decode(ErrorCodec.java:167)
at org.openqa.selenium.remote.codec.w3c.W3CHttpResponseCodec.decode(W3CHttpResponseCodec.java:138)
at org.openqa.selenium.remote.codec.w3c.W3CHttpResponseCodec.decode(W3CHttpResponseCodec.java:50)
at org.openqa.selenium.remote.HttpCommandExecutor.execute(HttpCommandExecutor.java:190)
at org.openqa.selenium.remote.service.DriverCommandExecutor.invokeExecute(DriverCommandExecutor.java:216)
at org.openqa.selenium.remote.service.DriverCommandExecutor.execute(DriverCommandExecutor.java:174)
at org.openqa.selenium.remote.RemoteWebDriver.execute(RemoteWebDriver.java:545)
at org.openqa.selenium.remote.ElementLocation$ElementFinder$2.findElement(ElementLocation.java:165)
at org.openqa.selenium.remote.ElementLocation.findElement(ElementLocation.java:59)
at org.openqa.selenium.remote.RemoteWebDriver.findElement(RemoteWebDriver.java:368)
at org.openqa.selenium.remote.RemoteWebDriver.findElement(RemoteWebDriver.java:362)
at org.openqa.selenium.support.pagefactory.DefaultElementLocator.findElement(DefaultElementLocator.java:68)
at org.openqa.selenium.support.pagefactory.internal.LocatingElementHandler.invoke(LocatingElementHandler.java:38)
at jdk.proxy2/jdk.proxy2.$Proxy19.getText(Unknown Source)
at com.shopperstack.pom.MenTopwear.setAddTOCartAdded(MenTopwear.java:88)
at com.shopperstack.testscript.MenTopWearAddToCartVerify.addToCart(MenTopWearAddToCartVerify.java:27)
at java.base/jdk.internal.reflect.NativeMethodAccessorImpl.invoke0(Native Method)
at java.base/jdk.internal.reflect.NativeMethodAccessorImpl.invoke(NativeMethodAccessorImpl.java:77)
at java.base/jdk.internal.reflect.DelegatingMethodAccessorImpl.invoke(DelegatingMethodAccessorImpl.java:43)
at java.base/java.lang.reflect.Method.invoke(Method.java:568)
at org.testng.internal.invokers.MethodInvocationHelper.invokeMethod(MethodInvocationHelper.java:139)
at org.testng.internal.invokers.TestInvoker.invokeMethod(TestInvoker.java:664)
at org.testng.internal.invokers.TestInvoker.invokeTestMethod(TestInvoker.java:227)
at org.testng.internal.invokers.MethodRunner.runInSequence(MethodRunner.java:50)
at org.testng.internal.invokers.TestInvoker$MethodInvocationAgent.invoke(TestInvoker.java:957)
at org.testng.internal.invokers.TestInvoker.invokeTestMethods(TestInvoker.java:200)
at org.testng.internal.invokers.TestMethodWorker.invokeTestMethods(TestMethodWorker.java:148)
at org.testng.internal.invokers.TestMethodWorker.run(TestMethodWorker.java:128)
at java.base/java.util.ArrayList.forEach(ArrayList.java:1511)
at org.testng.TestRunner.privateRun(TestRunner.java:848)
at org.testng.TestRunner.run(TestRunner.java:621)
at org.testng.SuiteRunner.runTest(SuiteRunner.java:443)
at org.testng.SuiteRunner.runSequentially(SuiteRunner.java:437)
at org.testng.SuiteRunner.privateRun(SuiteRunner.java:397)
at org.testng.SuiteRunner.run(SuiteRunner.java:336)
at org.testng.SuiteRunnerWorker.runSuite(SuiteRunnerWorker.java:52)
at org.testng.SuiteRunnerWorker.run(SuiteRunnerWorker.java:95)
at org.testng.TestNG.runSuitesSequentially(TestNG.java:1280)
at org.testng.TestNG.runSuitesLocally(TestNG.java:1200)
at org.testng.TestNG.runSuites(TestNG.java:1114)
at org.testng.TestNG.run(TestNG.java:1082)
at org.testng.remote.AbstractRemoteTestNG.run(AbstractRemoteTestNG.java:115)
at org.testng.remote.RemoteTestNG.initAndRun(RemoteTestNG.java:251)
at org.testng.remote.RemoteTestNG.main(RemoteTestNG.java:77)
]]>
            </full-stacktrace>
          </exception> <!-- org.openqa.selenium.NoSuchElementException -->
          <reporter-output>
          </reporter-output>
        </test-method> <!-- addToCart -->
        <test-method is-config="true" signature="logout()[pri:0, instance:com.shopperstack.testscript.MenTopWearAddToCartVerify@63376bed]" started-at="2024-10-10T21:51:58 IST" name="logout" finished-at="2024-10-10T21:51:59 IST" duration-ms="458" status="PASS">
          <reporter-output>
            <line>
              <![CDATA[Logout Sucessfully]]>
            </line>
          </reporter-output>
        </test-method> <!-- logout -->
        <test-method is-config="true" signature="login()[pri:0, instance:com.shopperstack.testscript.MenTopWearAddToCartVerify@63376bed]" started-at="2024-10-10T21:51:59 IST" name="login" finished-at="2024-10-10T21:52:30 IST" duration-ms="30949" status="PASS">
          <reporter-output>
            <line>
              <![CDATA[Login sucessfully]]>
            </line>
          </reporter-output>
        </test-method> <!-- login -->
        <test-method signature="addToCart()[pri:0, instance:com.shopperstack.testscript.MenTopWearAddToCartVerify@63376bed]" started-at="2024-10-10T21:52:30 IST" name="addToCart" finished-at="2024-10-10T21:52:35 IST" duration-ms="4748" status="PASS">
          <reporter-output>
          </reporter-output>
        </test-method> <!-- addToCart -->
        <test-method is-config="true" signature="logout()[pri:0, instance:com.shopperstack.testscript.MenTopWearAddToCartVerify@63376bed]" started-at="2024-10-10T21:52:35 IST" name="logout" finished-at="2024-10-10T21:52:35 IST" duration-ms="450" status="PASS">
          <reporter-output>
            <line>
              <![CDATA[Logout Sucessfully]]>
            </line>
          </reporter-output>
        </test-method> <!-- logout -->
        <test-method is-config="true" signature="closeBrowser()[pri:0, instance:com.shopperstack.testscript.MenTopWearAddToCartVerify@63376bed]" started-at="2024-10-10T21:52:35 IST" name="closeBrowser" finished-at="2024-10-10T21:52:36 IST" duration-ms="1044" status="PASS">
          <reporter-output>
            <line>
              <![CDATA[Browser Close Sucessfully]]>
            </line>
          </reporter-output>
        </test-method> <!-- closeBrowser -->
        <test-method is-config="true" signature="afConfig()[pri:0, instance:com.shopperstack.testscript.MenTopWearAddToCartVerify@63376bed]" started-at="2024-10-10T21:52:37 IST" name="afConfig" finished-at="2024-10-10T21:52:37 IST" duration-ms="1" status="PASS">
          <reporter-output>
            <line>
              <![CDATA[DataBase disconnect successfully]]>
            </line>
          </reporter-output>
        </test-method> <!-- afConfig -->
      </class> <!-- com.shopperstack.testscript.MenTopWearAddToCartVerify -->
    </test> <!-- Default test -->
  </suite> <!-- Default suite -->
</testng-results>
